<?xml version="1.0" encoding="UTF-8"?>
<!-- Generated by org.testng.reporters.JUnitXMLReporter -->
<testsuite ignored="1" hostname="LAPTOP-8UKHKL7O" failures="0" tests="9" name="Default test" time="0.093" errors="0" timestamp="2024-09-29T23:00:16 IST">
  <testcase classname="Ecommerce_Automation.Shopping_app.FlipkartTest" name="@BeforeTest setUp" time="-1.727631015924E9">
    <failure type="org.testng.TestNGException" message="
Parameter &amp;apos;browser&amp;apos; is required by BeforeTest on method setUp but has not been marked @Optional or defined
in C:\Users\patel\AppData\Local\Temp\testng-eclipse-1195137876\testng-customsuite.xml">
      <![CDATA[org.testng.TestNGException: 
Parameter 'browser' is required by BeforeTest on method setUp but has not been marked @Optional or defined
in C:\Users\patel\AppData\Local\Temp\testng-eclipse-1195137876\testng-customsuite.xml
at org.testng.internal.Parameters.createParams(Parameters.java:267)
at org.testng.internal.Parameters.createParametersForMethod(Parameters.java:355)
at org.testng.internal.Parameters.createParameters(Parameters.java:684)
at org.testng.internal.Parameters.createConfigurationParameters(Parameters.java:166)
at org.testng.internal.invokers.ConfigInvoker.invokeConfigurations(ConfigInvoker.java:277)
at org.testng.TestRunner.invokeTestConfigurations(TestRunner.java:644)
at org.testng.TestRunner.beforeRun(TestRunner.java:633)
at org.testng.TestRunner.run(TestRunner.java:595)
at org.testng.SuiteRunner.runTest(SuiteRunner.java:437)
at org.testng.SuiteRunner.runSequentially(SuiteRunner.java:431)
at org.testng.SuiteRunner.privateRun(SuiteRunner.java:391)
at org.testng.SuiteRunner.run(SuiteRunner.java:330)
at org.testng.SuiteRunnerWorker.runSuite(SuiteRunnerWorker.java:52)
at org.testng.SuiteRunnerWorker.run(SuiteRunnerWorker.java:95)
at org.testng.TestNG.runSuitesSequentially(TestNG.java:1256)
at org.testng.TestNG.runSuitesLocally(TestNG.java:1176)
at org.testng.TestNG.runSuites(TestNG.java:1099)
at org.testng.TestNG.run(TestNG.java:1067)
at org.testng.remote.AbstractRemoteTestNG.run(AbstractRemoteTestNG.java:115)
at org.testng.remote.RemoteTestNG.initAndRun(RemoteTestNG.java:251)
at org.testng.remote.RemoteTestNG.main(RemoteTestNG.java:77)
]]>
    </failure>
  </testcase> <!-- @BeforeTest setUp -->
  <testcase classname="Ecommerce_Automation.Shopping_app.FlipkartTest" name="@AfterTest tearDown" time="0.0">
    <skipped/>
  </testcase> <!-- @AfterTest tearDown -->
  <testcase classname="Ecommerce_Automation.Shopping_app.FlipkartTest" name="searchForProduct" time="0.0">
    <skipped/>
  </testcase> <!-- searchForProduct -->
  <testcase classname="Ecommerce_Automation.Shopping_app.FlipkartTest" name="applyPriceFilter" time="0.0">
    <skipped/>
  </testcase> <!-- applyPriceFilter -->
  <testcase classname="Ecommerce_Automation.Shopping_app.FlipkartTest" name="applyStarRatingFilter" time="0.0">
    <skipped/>
  </testcase> <!-- applyStarRatingFilter -->
  <testcase classname="Ecommerce_Automation.Shopping_app.FlipkartTest" name="sortItemsLowToHigh" time="0.0">
    <skipped/>
  </testcase> <!-- sortItemsLowToHigh -->
  <testcase classname="Ecommerce_Automation.Shopping_app.FlipkartTest" name="selectFifthItem" time="0.0">
    <skipped/>
  </testcase> <!-- selectFifthItem -->
  <testcase classname="Ecommerce_Automation.Shopping_app.FlipkartTest" name="switchToNewTabAndAddToCart" time="0.0">
    <skipped/>
  </testcase> <!-- switchToNewTabAndAddToCart -->
  <testcase classname="Ecommerce_Automation.Shopping_app.FlipkartTest" name="verifyItemInCart" time="0.0">
    <skipped/>
  </testcase> <!-- verifyItemInCart -->
  <testcase classname="Ecommerce_Automation.Shopping_app.FlipkartTest" name="removeItemFromCart" time="0.0">
    <skipped/>
  </testcase> <!-- removeItemFromCart -->
  <testcase classname="Ecommerce_Automation.Shopping_app.FlipkartTest" name="switchBackToParentTab" time="0.0">
    <skipped/>
  </testcase> <!-- switchBackToParentTab -->
  <testcase classname="Ecommerce_Automation.Shopping_app.FlipkartTest" name="verifyItemPrice" time="0.0">
    <ignored/>
  </testcase> <!-- verifyItemPrice -->
</testsuite> <!-- Default test -->
